<?xml version="1.0" encoding="UTF-8"?>
<testng-results ignored="0" total="1" passed="1" failed="0" skipped="0">
  <reporter-output>
  </reporter-output>
  <suite started-at="2022-01-21T08:59:34 CET" name="Suite" finished-at="2022-01-21T08:59:37 CET" duration-ms="2514">
    <groups>
    </groups>
    <test started-at="2022-01-21T08:59:34 CET" name="Test" finished-at="2022-01-21T08:59:37 CET" duration-ms="2514">
      <class name="org.example.E2ETest">
        <test-method is-config="true" signature="invokeBrowser(java.lang.String)[pri:0, instance:org.example.E2ETest@59474f18]" started-at="2022-01-21T08:59:34 CET" name="invokeBrowser" finished-at="2022-01-21T08:59:36 CET" duration-ms="1757" status="PASS">
          <params>
            <param index="0">
              <value>
                <![CDATA[chrome]]>
              </value>
            </param>
          </params>
          <reporter-output>
          </reporter-output>
        </test-method> <!-- invokeBrowser -->
        <test-method signature="verifyAddAndModifyToDo()[pri:1, instance:org.example.E2ETest@59474f18]" started-at="2022-01-21T08:59:36 CET" name="verifyAddAndModifyToDo" finished-at="2022-01-21T08:59:37 CET" duration-ms="658" status="PASS">
          <reporter-output>
          </reporter-output>
        </test-method> <!-- verifyAddAndModifyToDo -->
        <test-method is-config="true" signature="tearDown()[pri:0, instance:org.example.E2ETest@59474f18]" started-at="2022-01-21T08:59:37 CET" name="tearDown" finished-at="2022-01-21T08:59:37 CET" duration-ms="79" status="PASS">
          <reporter-output>
          </reporter-output>
        </test-method> <!-- tearDown -->
      </class> <!-- org.example.E2ETest -->
    </test> <!-- Test -->
  </suite> <!-- Suite -->
</testng-results>
